config: enexSources.0: "./test/data/test-template.enex"
config: templateFile: "./sampleTemplate.tmpl"
config: outputDir: "out"
config: keepOriginalHtml: false
config: isMetadataNeeded: false
config: isNotebookNameNeeded: false
config: isZettelkastenNeeded: false
config: plainTextNotesOnly: false
config: skipLocation: false
config: skipCreationTime: false
config: skipUpdateTime: false
config: skipSourceUrl: false
config: skipWebClips: false
config: skipTags: false
config: useHashTags: true
config: taskOutputFormat: "ObsidianMD"
config: skipEnexFileNameFromOutputPath: false
config: keepOriginalAmountOfNewlines: false
config: urlEncodeFileNamesAndLinks: false
config: pathSeparator: "/"
config: sanitizeResourceNameSpaces: false
config: haveEnexLevelResources: false
config: haveGlobalResources: false
config: replacementChar: "_"
config: logseqSettings.journalNotes: false
config: obsidianSettings.omitLinkDisplayName: false
config: resourcesDir: "_resources"
config: currentTemplate: "---\n\n{created-at-block}_Created at {created-at}._{end-created-at-block}\n{updated-at-block}_Last updated at {updated-at}._{end-updated-at-block}\n{source-url-block}_Source URL: []({source-url})._{end-source-url-block}\n\n\n{tags-block}\nTagged: \n```\n{tags}\n```\n{end-tags-block}\n\n---\n\n{title-block}# {title}{end-title-block}\n\n\n{content-block}{content}{end-content-block}\n\n"
config: enexSources.0: "./test/data/test-template.enex"
config: templateFile: "./sampleTemplate.tmpl"
config: outputDir: "out"
config: keepOriginalHtml: false
config: isMetadataNeeded: false
config: isNotebookNameNeeded: false
config: isZettelkastenNeeded: false
config: plainTextNotesOnly: false
config: skipLocation: false
config: skipCreationTime: false
config: skipUpdateTime: false
config: skipSourceUrl: false
config: skipWebClips: false
config: skipTags: false
config: useHashTags: true
config: taskOutputFormat: "ObsidianMD"
config: skipEnexFileNameFromOutputPath: false
config: keepOriginalAmountOfNewlines: false
config: urlEncodeFileNamesAndLinks: false
config: pathSeparator: "/"
config: sanitizeResourceNameSpaces: false
config: haveEnexLevelResources: false
config: haveGlobalResources: false
config: replacementChar: "_"
config: logseqSettings.journalNotes: false
config: obsidianSettings.omitLinkDisplayName: false
config: resourcesDir: "_resources"
config: currentTemplate: "---\n\n{created-at-block}_Created at {created-at}._{end-created-at-block}\n{updated-at-block}_Last updated at {updated-at}._{end-updated-at-block}\n{source-url-block}_Source URL: []({source-url})._{end-source-url-block}\n\n\n{tags-block}\nTagged: \n```\n{tags}\n```\n{end-tags-block}\n\n---\n\n{title-block}# {title}{end-title-block}\n\n\n{content-block}{content}{end-content-block}\n\n"
config: enexSources.0: "./test/data/test-template.enex"
config: templateFile: "./sampleTemplate.tmpl"
config: outputDir: "out"
config: keepOriginalHtml: false
config: isMetadataNeeded: false
config: isNotebookNameNeeded: false
config: isZettelkastenNeeded: false
config: plainTextNotesOnly: false
config: skipLocation: false
config: skipCreationTime: false
config: skipUpdateTime: false
config: skipSourceUrl: false
config: skipWebClips: false
config: skipTags: false
config: useHashTags: true
config: taskOutputFormat: "ObsidianMD"
config: skipEnexFileNameFromOutputPath: false
config: keepOriginalAmountOfNewlines: false
config: urlEncodeFileNamesAndLinks: false
config: pathSeparator: "/"
config: sanitizeResourceNameSpaces: false
config: haveEnexLevelResources: false
config: haveGlobalResources: false
config: replacementChar: "_"
config: logseqSettings.journalNotes: false
config: obsidianSettings.omitLinkDisplayName: false
config: resourcesDir: "_resources"
config: currentTemplate: "---\n\n{created-at-block}_Created at {created-at}._{end-created-at-block}\n{updated-at-block}_Last updated at {updated-at}._{end-updated-at-block}\n{source-url-block}_Source URL: []({source-url})._{end-source-url-block}\n\n\n{tags-block}\nTagged: \n```\n{tags}\n```\n{end-tags-block}\n\n---\n\n{title-block}# {title}{end-title-block}\n\n\n{content-block}{content}{end-content-block}\n\n"
