2022-08-10 00:27:59 Loading main app package /tmp/.mount_obsidiQYf45L/resources/obsidian.asar
2022-08-10 00:28:00 Checking for update using Github
2022-08-10 00:28:00 Success.
2022-08-10 00:28:00 Latest version is 0.15.9
2022-08-10 00:28:00 App is up to date.
2022-08-10 00:28:45 Loading main app package /tmp/.mount_obsidi1hrY0N/resources/obsidian.asar
2022-08-10 00:28:45 Checking for update using Github
2022-08-10 00:28:45 Success.
2022-08-10 00:28:45 Latest version is 0.15.9
2022-08-10 00:28:45 App is up to date.
2022-08-10 00:29:43 Loading main app package /tmp/.mount_obsidis3rIah/resources/obsidian.asar
2022-08-10 00:29:44 Checking for update using Github
2022-08-10 00:29:44 Success.
2022-08-10 00:29:44 Latest version is 0.15.9
2022-08-10 00:29:44 App is up to date.
2022-08-10 00:30:25 Loading main app package /tmp/.mount_obsidiwfXZ9v/resources/obsidian.asar
2022-08-10 00:30:26 Checking for update using Github
2022-08-10 00:30:26 Success.
2022-08-10 00:30:26 Latest version is 0.15.9
2022-08-10 00:30:26 App is up to date.
2022-08-10 00:30:48 Loading main app package /tmp/.mount_obsidiJVe8BT/resources/obsidian.asar
2022-08-10 00:30:48 Checking for update using Github
2022-08-10 00:30:48 Success.
2022-08-10 00:30:48 Latest version is 0.15.9
2022-08-10 00:30:48 App is up to date.
2022-08-10 00:31:57 Loading main app package /tmp/.mount_obsidiAh8QUZ/resources/obsidian.asar
2022-08-10 00:31:57 Checking for update using Github
2022-08-10 00:31:57 Success.
2022-08-10 00:31:57 Latest version is 0.15.9
2022-08-10 00:31:57 App is up to date.
2022-08-10 00:37:18 Loading main app package /tmp/.mount_obsidivgbo1F/resources/obsidian.asar
2022-08-10 00:37:18 Checking for update using Github
2022-08-10 00:37:18 Success.
2022-08-10 00:37:18 Latest version is 0.15.9
2022-08-10 00:37:18 App is up to date.
2022-08-10 00:39:02 Loading main app package /tmp/.mount_obsidiOTd1Qz/resources/obsidian.asar
2022-08-10 00:39:03 Checking for update using Github
2022-08-10 00:39:03 Success.
2022-08-10 00:39:03 Latest version is 0.15.9
2022-08-10 00:39:03 App is up to date.
2022-08-10 00:39:45 Loading main app package /tmp/.mount_obsidihW7CSt/resources/obsidian.asar
2022-08-10 00:39:45 Checking for update using Github
2022-08-10 00:39:45 Success.
2022-08-10 00:39:45 Latest version is 0.15.9
2022-08-10 00:39:45 App is up to date.
2022-08-10 00:42:19 Loading main app package /tmp/.mount_obsidiKVdjY9/resources/obsidian.asar
2022-08-10 00:42:20 Checking for update using Github
2022-08-10 00:42:20 Success.
2022-08-10 00:42:20 Latest version is 0.15.9
2022-08-10 00:42:20 App is up to date.
2022-08-13 23:46:54 Loading main app package /tmp/.mount_obsidiZTkzwq/resources/obsidian.asar
2022-08-13 23:46:55 Checking for update using Github
2022-08-13 23:46:55 Success.
2022-08-13 23:46:55 Latest version is 0.15.9
2022-08-13 23:46:55 App is up to date.
2022-08-13 23:53:56 Loading main app package /opt/Obsidian/resources/obsidian.asar
2022-08-13 23:53:56 Checking for update using Github
2022-08-13 23:53:56 Success.
2022-08-13 23:53:56 Latest version is 0.15.9
2022-08-13 23:53:56 App is up to date.
2022-08-13 23:54:15 Loading main app package /opt/Obsidian/resources/obsidian.asar
2022-08-13 23:54:15 Checking for update using Github
2022-08-13 23:54:15 Success.
2022-08-13 23:54:15 Latest version is 0.15.9
2022-08-13 23:54:15 App is up to date.
2022-08-13 23:54:25 Loading main app package /opt/Obsidian/resources/obsidian.asar
2022-08-13 23:54:25 Checking for update using Github
2022-08-13 23:54:25 Success.
2022-08-13 23:54:25 Latest version is 0.15.9
2022-08-13 23:54:25 App is up to date.
2022-08-16 22:07:28 Loading main app package /opt/Obsidian/resources/obsidian.asar
2022-08-16 22:07:28 Checking for update using Github
2022-08-16 22:07:28 Success.
2022-08-16 22:07:28 Latest version is 0.15.9
2022-08-16 22:07:28 App is up to date.
